[0.007s] Invoking command in '/home/chandran/vrx_ws/build/vrx_ros': CMAKE_PREFIX_PATH=${CMAKE_PREFIX_PATH}:/opt/ros/humble /usr/bin/cmake /home/chandran/vrx_ws/src/vrx-2.3.3/vrx_ros -DCMAKE_INSTALL_PREFIX=/home/chandran/vrx_ws/install
[0.016s] -- Found ament_cmake: 1.3.11 (/opt/ros/humble/share/ament_cmake/cmake)
[0.104s] -- Found geometry_msgs: 4.8.0 (/opt/ros/humble/share/geometry_msgs/cmake)
[0.118s] -- Found rosidl_generator_c: 3.1.6 (/opt/ros/humble/share/rosidl_generator_c/cmake)
[0.120s] -- Found rosidl_adapter: 3.1.6 (/opt/ros/humble/share/rosidl_adapter/cmake)
[0.123s] -- Found rosidl_generator_cpp: 3.1.6 (/opt/ros/humble/share/rosidl_generator_cpp/cmake)
[0.129s] -- Using all available rosidl_typesupport_c: rosidl_typesupport_fastrtps_c;rosidl_typesupport_introspection_c
[0.137s] -- Using all available rosidl_typesupport_cpp: rosidl_typesupport_fastrtps_cpp;rosidl_typesupport_introspection_cpp
[0.159s] -- Looking for gz-msgs9 -- found version 9.5.1
[0.162s] -- Searching for dependencies of gz-msgs9
[0.175s] -- Looking for gz-math7 -- found version 7.5.1
[0.175s] -- Searching for dependencies of gz-math7
[0.175s] -- Looking for gz-utils2 -- found version 2.2.1
[0.176s] -- Searching for dependencies of gz-utils2
[0.180s] -- Checking for module 'tinyxml2'
[0.188s] --   Found tinyxml2, version 9.0.0
[0.221s] [31mCMake Error at CMakeLists.txt:9 (find_package):
[0.221s]   By not providing "Findgz-transport12.cmake" in CMAKE_MODULE_PATH this
[0.221s]   project has asked CMake to find a package configuration file provided by
[0.221s]   "gz-transport12", but CMake did not find one.
[0.221s] 
[0.221s]   Could not find a package configuration file provided by "gz-transport12"
[0.221s]   with any of the following names:
[0.221s] 
[0.221s]     gz-transport12Config.cmake
[0.221s]     gz-transport12-config.cmake
[0.221s] 
[0.221s]   Add the installation prefix of "gz-transport12" to CMAKE_PREFIX_PATH or set
[0.221s]   "gz-transport12_DIR" to a directory containing one of the above files.  If
[0.221s]   "gz-transport12" provides a separate development package or SDK, be sure it
[0.221s]   has been installed.
[0.221s] 
[0.221s] [0m
[0.221s] -- Configuring incomplete, errors occurred!
[0.222s] See also "/home/chandran/vrx_ws/build/vrx_ros/CMakeFiles/CMakeOutput.log".
[0.226s] Invoked command in '/home/chandran/vrx_ws/build/vrx_ros' returned '1': CMAKE_PREFIX_PATH=${CMAKE_PREFIX_PATH}:/opt/ros/humble /usr/bin/cmake /home/chandran/vrx_ws/src/vrx-2.3.3/vrx_ros -DCMAKE_INSTALL_PREFIX=/home/chandran/vrx_ws/install
