[0.006s] Invoking command in '/home/chandran/vrx_ws/build/vrx_ros': CMAKE_PREFIX_PATH=${CMAKE_PREFIX_PATH}:/opt/ros/humble /usr/bin/cmake /home/chandran/vrx_ws/src/vrx-2.3.3/vrx_ros -DCMAKE_INSTALL_PREFIX=/home/chandran/vrx_ws/install
[0.055s] -- The C compiler identification is GNU 11.4.0
[0.114s] -- The CXX compiler identification is GNU 11.4.0
[0.119s] -- Detecting C compiler ABI info
[0.180s] -- Detecting C compiler ABI info - done
[0.188s] -- Check for working C compiler: /usr/bin/cc - skipped
[0.188s] -- Detecting C compile features
[0.188s] -- Detecting C compile features - done
[0.190s] -- Detecting CXX compiler ABI info
[0.255s] -- Detecting CXX compiler ABI info - done
[0.262s] -- Check for working CXX compiler: /usr/bin/c++ - skipped
[0.263s] -- Detecting CXX compile features
[0.263s] -- Detecting CXX compile features - done
[0.267s] -- Found ament_cmake: 1.3.11 (/opt/ros/humble/share/ament_cmake/cmake)
[0.376s] -- Found Python3: /usr/bin/python3 (found version "3.10.12") found components: Interpreter 
[0.475s] -- Found geometry_msgs: 4.8.0 (/opt/ros/humble/share/geometry_msgs/cmake)
[0.524s] -- Found rosidl_generator_c: 3.1.6 (/opt/ros/humble/share/rosidl_generator_c/cmake)
[0.533s] -- Found rosidl_adapter: 3.1.6 (/opt/ros/humble/share/rosidl_adapter/cmake)
[0.544s] -- Found rosidl_generator_cpp: 3.1.6 (/opt/ros/humble/share/rosidl_generator_cpp/cmake)
[0.557s] -- Using all available rosidl_typesupport_c: rosidl_typesupport_fastrtps_c;rosidl_typesupport_introspection_c
[0.576s] -- Using all available rosidl_typesupport_cpp: rosidl_typesupport_fastrtps_cpp;rosidl_typesupport_introspection_cpp
[0.606s] -- Looking for gz-msgs9 -- found version 9.5.1
[0.610s] -- Searching for dependencies of gz-msgs9
[0.737s] -- Found Protobuf: /usr/lib/x86_64-linux-gnu/libprotobuf.so (found version "3.12.4") 
[0.738s] -- Looking for gz-math7 -- found version 7.5.1
[0.738s] -- Searching for dependencies of gz-math7
[0.738s] -- Looking for gz-utils2 -- found version 2.2.1
[0.738s] -- Searching for dependencies of gz-utils2
[0.743s] -- Checking for module 'tinyxml2'
[0.753s] --   Found tinyxml2, version 9.0.0
[0.786s] -- Configuring incomplete, errors occurred!
[0.786s] See also "/home/chandran/vrx_ws/build/vrx_ros/CMakeFiles/CMakeOutput.log".
[0.786s] [31mCMake Error at CMakeLists.txt:9 (find_package):
[0.786s]   By not providing "Findgz-transport12.cmake" in CMAKE_MODULE_PATH this
[0.786s]   project has asked CMake to find a package configuration file provided by
[0.786s]   "gz-transport12", but CMake did not find one.
[0.786s] 
[0.786s]   Could not find a package configuration file provided by "gz-transport12"
[0.786s]   with any of the following names:
[0.786s] 
[0.787s]     gz-transport12Config.cmake
[0.787s]     gz-transport12-config.cmake
[0.787s] 
[0.787s]   Add the installation prefix of "gz-transport12" to CMAKE_PREFIX_PATH or set
[0.787s]   "gz-transport12_DIR" to a directory containing one of the above files.  If
[0.787s]   "gz-transport12" provides a separate development package or SDK, be sure it
[0.787s]   has been installed.
[0.787s] 
[0.787s] [0m
[0.792s] Invoked command in '/home/chandran/vrx_ws/build/vrx_ros' returned '1': CMAKE_PREFIX_PATH=${CMAKE_PREFIX_PATH}:/opt/ros/humble /usr/bin/cmake /home/chandran/vrx_ws/src/vrx-2.3.3/vrx_ros -DCMAKE_INSTALL_PREFIX=/home/chandran/vrx_ws/install
